# RTL_ID 22011200
#
# Events:
#    N - no event
#    E - exception
#    I - interrupt
#    W - wakeup
# =====================================================================================
# : Core Reset
# =====================================================================================
# Test: illegal.hex
#           Time   Ev  Curr_PC    Instr      Next_PC    Reg        Value     
# =====================================================================================
               3   N   00000000   00000000   00002000   ---        --------
               6   N   00002000   0000e101   00002004   x10_a0     00000000
               7   N   00002004   00004e01   00002006   ---        --------
               8   N   00002006   00000297   00002008   x28_t3     00000000
               9   N   00002008   87828293   0000200c   x05_t0     00002008
              10   N   0000200c   30529073   00002010   x05_t0     00001880
              11   N   00002010   00004505   00002014   ---        --------
              12   N   00002014   0000057e   00002016   x10_a0     00000001
              13   N   00002016   00054863   00002018   x10_a0     80000000
              14   N   00002018   0ff0000f   00002028   ---        --------
              17   N   00002028   00028f63   0000202c   x05_t0     00000000
              18   N   0000202c   10529073   0000204a   ---        --------
              22   N   0000204a   00006509   0000204e   ---        --------
              23   N   0000204e   00006509   0000204e   ---        --------
              24   N   0000204e   80050513   00002050   x10_a0     00002000
              25   N   00002050   30052073   00002054   x10_a0     00001800
              26   N   00002054   00000297   00002058   ---        --------
              27   N   00002058   00000297   00002058   ---        --------
              28   N   00002058   6af28293   0000205c   x05_t0     00002058
              29   N   0000205c   34129073   00002060   x05_t0     00002707
              30   N   00002060   f1402573   00002064   ---        --------
              31   N   00002064   30200073   00002068   x10_a0     00000000
              33   N   00002068   00000000   00002706   ---        --------
              36   N   00002706   00200e13   00002708   x08_s0     00000080
              37   N   00002708   00000000   0000270c   x28_t3     00000002
              38   E   0000270c   00000000   00001880   mstatus    00001800
              38   E   0000270c   00000000   00001880   mepc       0000270c
              38   E   0000270c   00000000   00001880   mcause     00000002
              38   E   0000270c   00000000   00001880   mtval      00000000
              41   N   00001880   000047a1   00001884   x14_a4     00000002
              42   N   00001884   04f70263   00001886   x15_a5     00000008
              43   N   00001886   000047a5   0000188a   ---        --------
              44   N   0000188a   02f70f63   0000188c   x15_a5     00000009
              45   N   0000188c   000047ad   00001890   ---        --------
              46   N   00001890   02f70c63   00001892   x15_a5     0000000b
              47   N   00001892   47ad0837   00001896   ---        --------
              49   N   00001896   02f71897   0000189a   x16_a6     f0000000
              51   N   0000189a   f0008893   0000189e   x17_a7     0000289a
              53   N   0000189e   00008783   000018a2   x17_a7     00002700
              56   N   000018a2   0000c791   000018a6   x15_a5     00000049
              57   N   000018a6   00f82023   000018a8   ---        --------
              59   N   000018a8   00000885   000018ac   ---        --------
              60   N   000018ac   ff5ff06f   000018ae   x17_a7     00002701
              61   N   000018ae   08851717   000018a2   ---        --------
              66   N   000018a2   0000c791   000018a6   x15_a5     0000006c
              67   N   000018a6   00f82023   000018a8   ---        --------
              69   N   000018a8   00000885   000018ac   ---        --------
              70   N   000018ac   ff5ff06f   000018ae   x17_a7     00002702
              71   N   000018ae   08851717   000018a2   ---        --------
              76   N   000018a2   0000c791   000018a6   x15_a5     0000006c
              77   N   000018a6   00f82023   000018a8   ---        --------
              79   N   000018a8   00000885   000018ac   ---        --------
              80   N   000018ac   ff5ff06f   000018ae   x17_a7     00002703
              81   N   000018ae   08851717   000018a2   ---        --------
              86   N   000018a2   0000c791   000018a6   x15_a5     00000065
              87   N   000018a6   00f82023   000018a8   ---        --------
              89   N   000018a8   00000885   000018ac   ---        --------
              90   N   000018ac   ff5ff06f   000018ae   x17_a7     00002704
              91   N   000018ae   08851717   000018a2   ---        --------
              96   N   000018a2   0000c791   000018a6   x15_a5     00000078
              97   N   000018a6   00f82023   000018a8   ---        --------
              99   N   000018a8   00000885   000018ac   ---        --------
             100   N   000018ac   ff5ff06f   000018ae   x17_a7     00002705
             101   N   000018ae   08851717   000018a2   ---        --------
             106   N   000018a2   0000c791   000018a6   x15_a5     00000063
             107   N   000018a6   00f82023   000018a8   ---        --------
             109   N   000018a8   00000885   000018ac   ---        --------
             110   N   000018ac   ff5ff06f   000018ae   x17_a7     00002706
             111   N   000018ae   08851717   000018a2   ---        --------
             116   N   000018a2   0000c791   000018a6   x15_a5     00000000
             117   N   000018a6   00f82023   000018b2   ---        --------
             121   N   000018b2   20230713   000018b6   x14_a4     000028b2
             123   N   000018b6   0000c311   000018ba   x14_a4     00002900
             124   N   000018ba   00008702   000018bc   ---        --------
             125   N   000018bc   34202773   00002900   ---        --------
             128   N   00002900   e5dff06f   00002940   ---        --------
             131   N   00002940   342022f3   00002944   x06_t1     00000002
             132   N   00002944   ea629ee3   00002948   x05_t0     00000002
             133   N   00002948   341022f3   0000294c   ---        --------
             134   N   0000294c   343023f3   00002950   x05_t0     0000270c
             135   N   00002950   00038e63   00002954   x07_t2     00000000
             136   N   00002954   0002d303   00002970   ---        --------
             139   N   00002970   d9c30313   00002974   x06_t1     00002970
             140   N   00002974   04628e63   00002978   x06_t1     0000270c
             141   N   00002978   00000317   000029d4   ---        --------
             144   N   000029d4   34129073   000029d8   x05_t0     00002714
             145   N   000029d8   30200073   000029dc   ---        --------
             147   N   000029dc   00200337   00002714   ---        --------
             150   N   00002714   80028293   00002718   x05_t0     00002000
             151   N   00002718   3002b073   0000271c   x05_t0     00001800
             152   N   0000271c   00001337   00002720   ---        --------
             153   N   00002720   00001337   00002720   ---        --------
             154   N   00002720   80030313   00002724   x06_t1     00001000
             155   N   00002724   30032073   00002728   x06_t1     00000800
             156   N   00002728   300023f3   0000272c   ---        --------
             157   N   0000272c   300023f3   0000272c   ---        --------
             158   N   0000272c   0053f3b3   00002730   x07_t2     00001880
             159   N   00002730   0e731063   00002734   x07_t2     00001800
             160   N   00002734   34415073   00002814   ---        --------
             163   N   00002814   000e0593   00002818   ---        --------
             164   N   00002818   00000513   0000281c   x11_a1     00000002
             165   N   0000281c   00000073   00002820   x10_a0     00000000
             166   E   00002820   00000013   00001880   mstatus    00001800
             166   E   00002820   00000013   00001880   mepc       00002820
             166   E   00002820   00000013   00001880   mcause     0000000b
             166   E   00002820   00000013   00001880   mtval      00000000
             169   N   00001880   000047a1   00001884   x14_a4     0000000b
             170   N   00001884   04f70263   00001886   x15_a5     00000008
             171   N   00001886   000047a5   0000188a   ---        --------
             172   N   0000188a   02f70f63   0000188c   x15_a5     00000009
             173   N   0000188c   000047ad   00001890   ---        --------
             174   N   00001890   02f70c63   00001892   x15_a5     0000000b
             175   N   00001892   47ad0837   000018ca   ---        --------
             179   N   000018ca   08370013   00002ae0   ---        --------
             182   N   00002ae0   61428293   00002ae4   x05_t0     fffffae0
             183   N   00002ae4   00008282   00002ae8   x05_t0     000000f4
             184   N   00002ae8   00000013   000000f4   ---        --------
             187   N   000000f4   0000006f   000000f8   ---        --------
             188   N   000000f8   ffffffff   000000f8   ---        --------
